19.410067 -157832.503863
23.279094 -157381.357765
36.630696 -157241.071811
74.393160 -157145.591712
154.423146 -157135.267887
286.447284 -157135.019582
351.934794 -156979.232123
399.083692 -156937.967244
428.269206 -156922.664178
450.547183 -156903.558375
469.126495 -156890.390073
483.395149 -156886.629686
496.168530 -156885.769429
503.932949 -156885.738830
531.550593 -156849.018292
556.201466 -156844.145338
573.577344 -156844.145337
598.135839 -156842.805019
627.134394 -156841.146120
647.680746 -156840.594419
665.723178 -156840.594419
691.063702 -156840.322182
714.553002 -156840.322181
744.429647 -156840.175111
773.844039 -156837.369325
800.547573 -156836.562083
825.826196 -156834.069204
848.533058 -156830.666104
865.812922 -156830.666104
890.448100 -156830.666103
957.868156 -156829.183141
984.476812 -156828.998108
1005.064453 -156828.998108
1031.928012 -156828.998108
1095.902719 -156828.998108
1224.830430 -156828.998108
