7.023750 -67947.607079
7.989412 -67766.425103
13.776274 -67749.791221
24.792343 -67747.926439
39.014060 -67747.856338
45.616692 -67655.427608
52.862691 -67636.623335
58.823063 -67633.576932
64.553992 -67622.879477
69.832750 -67618.241271
74.772321 -67617.059021
79.746496 -67613.116685
84.289299 -67612.705287
88.952556 -67612.521886
93.349916 -67612.393472
98.056755 -67612.272839
103.237430 -67612.179584
111.378122 -67611.881290
124.589789 -67608.074857
131.333207 -67606.921005
141.994427 -67606.921005
150.118287 -67606.921005
165.875601 -67606.786997
174.734393 -67606.493678
182.094764 -67606.411876
188.861252 -67606.411876
199.453258 -67606.411876
216.876065 -67606.411876
239.656607 -67606.411876
