14.875084 -144011.102606
17.839395 -143566.587049
27.432060 -143386.126075
52.485181 -143327.775985
100.470802 -143318.135655
177.375578 -143316.591302
210.032681 -143207.327082
234.212181 -143177.285791
253.996981 -143164.662594
268.663145 -143157.919105
280.353775 -143150.364681
291.146834 -143148.111977
300.620490 -143147.326977
309.761689 -143146.218207
317.831478 -143145.715019
327.030048 -143144.385871
334.559502 -143144.087131
344.118543 -143142.904841
352.750227 -143142.801903
371.325457 -143102.920486
388.922050 -143097.680898
405.924585 -143089.677910
419.195351 -143089.677910
438.718528 -143078.524346
459.833680 -143068.763879
475.580310 -143067.902402
489.441842 -143067.812064
505.841175 -143065.519228
519.048398 -143065.519228
537.152106 -143065.519228
576.935677 -143064.589791
598.696842 -143063.726546
614.432987 -143063.726546
634.413448 -143063.726546
673.397212 -143058.941568
692.895602 -143058.941568
717.447436 -143058.927896
737.494223 -143056.718123
753.766124 -143055.827620
767.307985 -143055.827620
785.648402 -143055.827620
825.266017 -143055.827620
895.298258 -143055.827620
