5.470709 -57946.807800
6.897818 -57848.332858
10.405109 -57846.979639
20.263012 -54369.081168
25.002373 -54343.661708
29.365990 -54320.523474
33.478705 -54311.458240
36.807554 -54310.500512
40.038993 -54310.268840
43.506168 -54307.900810
46.763730 -54305.685607
50.041133 -54305.673141
55.902480 -54305.484164
62.906776 -54304.009264
68.042937 -54304.009264
74.026463 -54303.844943
82.032097 -54303.704943
88.715916 -54303.704943
96.563544 -54303.704943
112.090157 -54303.704943
130.284463 -54303.704943
