0.988031 -30037.237428
1.247296 -29999.273542
2.158512 -29991.280905
4.582813 -28930.040974
5.930606 -28909.503250
7.291535 -28902.060479
8.581145 -28901.354166
9.812669 -28901.211782
11.065992 -28899.616195
12.404025 -28899.523345
13.743457 -28899.328887
15.546796 -28897.568231
17.192975 -28897.480081
18.820218 -28897.480081
20.758357 -28897.402317
22.951655 -28896.928522
24.900615 -28895.189262
26.537310 -28895.028855
28.095502 -28895.028855
30.019417 -28895.028855
33.513663 -28895.028855
35.958192 -28895.028855
