18.251422 -105624.672031
21.320102 -105193.879096
32.304107 -105133.992461
61.375620 -105111.675138
121.493709 -105111.279885
151.896594 -105017.754612
175.729392 -104989.877963
193.585944 -104975.878304
208.264827 -104965.505385
221.426817 -104958.818896
232.997058 -104952.437739
244.649617 -104941.422517
254.676437 -104936.104270
266.576429 -104924.689748
276.018362 -104921.516955
286.886535 -104918.060003
297.067628 -104916.143858
307.377048 -104913.946903
315.774076 -104913.720737
325.480740 -104909.694300
336.134123 -104908.596835
348.118541 -104905.176002
357.028746 -104904.771400
366.429071 -104904.727148
387.270809 -104870.066772
406.041632 -104867.908086
422.073166 -104867.717682
437.439087 -104867.477720
460.768508 -104866.944766
475.972937 -104866.944765
494.974236 -104866.944765
547.541941 -104866.944765
634.083995 -104866.944765
