19.072387 -156119.307712
22.391755 -155571.371832
33.439375 -155424.512419
61.676200 -155422.677569
80.909636 -155319.664174
95.651928 -155299.330548
102.075565 -155299.321528
128.124450 -155217.211273
150.735407 -155208.454862
171.421839 -155206.013133
187.557066 -155206.013133
207.602323 -155203.641653
232.350461 -155203.641653
256.027034 -155203.126248
276.507475 -155203.126248
299.547393 -155202.451524
319.928752 -155202.451524
342.964109 -155202.451524
395.093008 -155201.416944
424.015562 -155199.475931
448.387610 -155197.302773
464.299544 -155197.302773
483.945734 -155197.302773
538.418631 -155197.302773
643.342649 -155197.302773
