16.452698 -125550.627814
18.993395 -125260.509385
28.511163 -125219.329265
52.580248 -125171.875286
103.363234 -121194.556631
126.386207 -121088.955901
144.928902 -121052.972559
160.439533 -121021.973513
174.265872 -121011.362444
185.676212 -120996.357880
195.786138 -120989.867205
205.822174 -120987.787568
215.254973 -120987.458496
225.193324 -120986.090616
234.602378 -120980.796415
244.138468 -120980.328451
253.098268 -120980.100685
262.140449 -120979.908828
272.844280 -120979.851620
290.698349 -120959.687840
307.275532 -120958.944995
321.854406 -120958.605770
336.482106 -120958.546528
352.622124 -120958.489418
368.004831 -120958.453581
383.050110 -120958.426953
397.716912 -120958.426953
418.801206 -120958.426953
472.573095 -120957.062420
493.306479 -120956.937551
511.819127 -120956.937551
534.848747 -120956.937551
584.093518 -120956.937551
671.751338 -120956.370891
693.638795 -120956.332573
714.522390 -120956.332573
743.518046 -120956.332573
794.942459 -120956.332573
895.267339 -120956.332573
