14.453588 -123937.786003
17.239584 -123531.579089
27.217146 -123462.675101
53.706388 -123411.061794
102.711787 -123404.263280
178.414364 -123404.015662
209.720915 -123290.923042
230.160185 -123268.635697
247.082903 -123258.730960
261.196878 -123253.176640
273.921720 -123247.357492
283.793951 -123246.725688
292.294495 -123246.481247
303.045573 -123244.447190
311.168838 -123244.330873
319.284421 -123243.855306
327.331900 -123243.746227
335.386149 -123243.664451
343.370755 -123243.590672
351.349425 -123243.543348
360.871386 -123243.363669
380.609637 -123228.832029
398.195648 -123227.846252
413.306449 -123227.517691
428.092349 -123227.404842
444.523146 -123225.676018
459.345273 -123225.594447
477.019052 -123225.594447
500.976548 -123225.594447
554.049135 -123225.594447
632.978151 -123225.594447
