26.064005 -141222.468338
29.895748 -140956.734256
41.937671 -140940.234463
75.437486 -140921.726359
143.061548 -134926.595291
167.851639 -134773.742824
186.452177 -134729.057431
201.646757 -134708.795026
215.038843 -134696.039077
227.697099 -134688.441830
239.405713 -134683.301725
249.216396 -134680.397077
258.405458 -134679.689947
267.441474 -134679.428182
276.212928 -134679.294774
284.962241 -134679.175002
293.710046 -134677.846504
302.693458 -134677.011578
313.168118 -134676.992265
335.889793 -134646.541899
357.116150 -134643.783469
374.752212 -134643.497638
392.127945 -134643.325378
409.250352 -134643.325378
429.179942 -134643.325378
482.465561 -134639.152481
511.949370 -134635.746542
533.208994 -134635.448539
551.532630 -134635.448539
572.498424 -134635.448539
626.007240 -134635.448539
721.323149 -134635.448539
