2.742901 -46546.193913
3.409780 -46363.484137
5.331396 -46321.660861
9.505794 -46315.811399
17.103140 -46040.650844
20.437959 -45995.554553
23.458612 -45982.080689
25.869640 -45981.138982
28.547415 -45979.004003
30.849976 -45978.356335
33.250395 -45977.235668
35.431704 -45977.109439
37.633609 -45977.066412
40.106513 -45976.632397
42.590683 -45976.495212
47.489544 -45973.025312
51.665053 -45970.833928
55.402987 -45970.269132
59.208224 -45967.851031
62.821489 -45966.092978
66.732042 -45962.563494
70.622778 -45960.940907
74.199742 -45960.886119
77.785113 -45960.870325
81.385101 -45960.870325
85.225778 -45960.461073
90.199516 -45958.607023
94.379694 -45958.607023
98.392557 -45958.607023
105.990592 -45958.607023
117.893148 -45958.607023
