5.644459 -85674.333515
6.809172 -85474.768282
10.386308 -85457.184100
18.012972 -85408.124079
32.130455 -85408.005641
55.369981 -82076.233811
62.960234 -81997.736886
69.075159 -81973.674803
75.118228 -81954.819696
80.509740 -81942.605404
85.752239 -81936.198738
89.616429 -81936.078532
93.282683 -81935.149651
97.736229 -81935.124687
105.545330 -81926.987934
111.891945 -81926.707143
118.080264 -81926.651244
124.155391 -81926.604158
130.259196 -81926.604158
137.287840 -81926.604158
153.087150 -81926.604158
177.302536 -81926.604158
