6.182824 -73777.779262
7.472269 -73524.106286
11.960968 -73405.886362
24.936286 -69905.329120
31.864771 -69815.931409
37.811210 -69799.993773
43.319725 -69790.122004
48.633898 -69787.732729
53.170001 -69786.600656
57.507084 -69786.547996
62.128646 -69786.119970
66.374872 -69786.078089
70.681581 -69785.978467
75.007201 -69785.825173
79.325627 -69785.558729
84.368007 -69785.488185
93.457701 -69772.483886
101.059153 -69772.387035
108.423369 -69772.303569
115.722444 -69772.155228
123.026479 -69772.155228
131.310087 -69772.155228
148.256120 -69768.036577
158.788764 -69761.432684
167.869233 -69758.748770
175.382905 -69758.518023
182.670872 -69758.518023
191.167681 -69752.304664
201.255619 -69751.279176
209.833583 -69749.287499
217.243814 -69749.287499
225.753318 -69749.038943
235.250490 -69747.948874
243.148259 -69747.885679
250.689347 -69747.409255
257.935989 -69747.409255
266.055904 -69747.409255
282.999358 -69747.409255
308.454792 -69747.409255
