20.124359 -150098.438593
23.233690 -149660.772820
34.201504 -149551.990833
65.535813 -149535.967104
143.735482 -144124.541026
171.866520 -143983.309190
192.963881 -143945.907045
208.655421 -143922.743622
222.091983 -143909.322492
234.068468 -143897.829698
244.428561 -143884.525510
255.411514 -143874.265904
266.933142 -143866.081507
277.863300 -143856.791885
287.533601 -143845.736952
295.925636 -143844.833861
304.283580 -143844.292731
312.697111 -143843.908182
321.047519 -143843.547994
332.187955 -143842.947844
341.046627 -143842.865594
351.796890 -143842.490631
372.789325 -143810.034703
392.368515 -143797.481526
411.749291 -143791.512539
427.928595 -143791.383706
443.961434 -143791.309707
460.121694 -143791.246556
476.272290 -143791.236384
492.285235 -143791.236384
510.809119 -143789.456245
533.758406 -143785.905182
552.443287 -143785.905182
572.257022 -143784.998029
596.393056 -143784.200199
616.016132 -143782.001688
632.942545 -143782.001688
652.274692 -143782.001688
701.061107 -143781.705449
728.249719 -143779.487706
747.739008 -143779.487706
768.482791 -143779.487705
814.893562 -143779.487705
913.513861 -143775.602405
938.563712 -143775.538684
958.889076 -143775.460122
976.550239 -143775.460121
996.119540 -143775.460121
1044.030423 -143775.460121
1140.699727 -143775.460121
