3.222871 -60991.839768
4.057920 -60845.454678
7.858215 -60749.163118
16.394877 -60698.297632
24.141534 -60637.323612
31.028320 -60630.417417
38.035160 -60616.526873
47.409952 -60614.177845
53.498898 -60613.473545
58.417092 -60613.079198
64.583772 -60613.008473
71.623890 -60604.526548
79.029659 -60603.533863
85.193941 -60603.408315
91.591760 -60603.002036
98.809385 -60602.696693
105.520448 -60599.603163
113.194534 -60599.267653
118.833697 -60598.527985
124.250795 -60598.527985
133.582061 -60598.527985
148.873345 -60598.355765
156.753388 -60598.310578
165.784936 -60596.584048
172.242238 -60596.584048
181.858696 -60596.383132
188.466050 -60596.255909
196.838123 -60596.255909
208.170910 -60595.744966
214.647602 -60595.744966
225.738834 -60594.531416
232.811294 -60594.014499
238.960566 -60594.014499
249.469041 -60594.014499
265.998812 -60594.014499
281.212938 -60594.014499
