6.988000 -58418.561863
8.232532 -58249.119205
12.350031 -58243.119325
23.385962 -58242.688515
27.857217 -58198.372069
32.458739 -58183.826502
35.778128 -58181.025067
39.101712 -58179.039056
42.300676 -58178.925150
45.640425 -58178.825025
49.451026 -58178.266145
54.066271 -58177.405769
58.355233 -58177.320264
64.129876 -58177.238928
71.273453 -58174.667986
78.194214 -58174.206438
83.973267 -58174.206438
90.666625 -58174.056393
99.069427 -58173.305535
106.462362 -58173.305535
120.524445 -58172.440397
132.201924 -58172.079455
142.090335 -58172.079455
153.566798 -58172.079455
178.459856 -58168.568868
192.379848 -58166.396376
203.282285 -58165.112413
210.442169 -58163.917784
216.119867 -58163.917784
223.139493 -58163.917784
241.453651 -58163.917784
271.641378 -58163.917784
