3.346803 -55653.339107
4.576036 -55575.752505
7.063244 -55570.197958
11.098539 -55570.141016
15.701711 -55535.228365
18.753043 -55530.972847
22.122715 -55527.617577
25.269827 -55522.633376
27.841453 -55520.086244
30.281337 -55519.334778
34.600205 -51767.294198
39.821337 -51758.628156
44.915101 -51755.849483
49.285312 -51755.574117
54.306154 -51755.426780
58.884830 -51755.355901
65.354998 -51755.295511
70.385030 -51755.053774
74.302302 -51755.053774
78.428430 -51755.053774
87.033135 -51755.053774
97.464256 -51755.053774
