

IMPORTANT WARNING: Sequences SH1164297.08FU_AJ280006_reps and SH1164493.08FU_LC105682_reps are exactly identical


IMPORTANT WARNING: Sequences SH1164297.08FU_AJ280006_reps and SH1164312.08FU_GU183168_reps are exactly identical


IMPORTANT WARNING: Sequences SH1164297.08FU_AJ280006_reps and SH1164309.08FU_GU216310_reps are exactly identical


IMPORTANT WARNING: Sequences SH1164297.08FU_AJ280006_reps and SH1164393.08FU_KC710972_reps are exactly identical


IMPORTANT WARNING: Sequences SH1164297.08FU_AJ280006_reps and SH1164314.08FU_HQ170509_reps are exactly identical


IMPORTANT WARNING: Sequences SH1164297.08FU_AJ280006_reps and SH1164305.08FU_GU966495_reps are exactly identical


IMPORTANT WARNING: Sequences SH1164297.08FU_AJ280006_reps and SH1164351.08FU_FJ668837_reps are exactly identical


IMPORTANT WARNING: Sequences SH1164297.08FU_AJ280006_reps and SH1164622.08FU_MG857650_reps are exactly identical


IMPORTANT WARNING: Sequences SH1164297.08FU_AJ280006_reps and SH1164368.08FU_JX291199_reps are exactly identical


IMPORTANT WARNING: Sequences SH1164297.08FU_AJ280006_reps and SH1164410.08FU_KF154412_reps are exactly identical


IMPORTANT WARNING: Sequences SH1164297.08FU_AJ280006_reps and SH1164336.08FU_FJ878650_reps are exactly identical


IMPORTANT WARNING: Sequences SH1164297.08FU_AJ280006_reps and SH1164300.08FU_GU721579_reps are exactly identical


IMPORTANT WARNING: Sequences SH1164297.08FU_AJ280006_reps and SH1164354.08FU_FJ629350_reps are exactly identical


IMPORTANT WARNING: Sequences SH1164297.08FU_AJ280006_reps and SH1164642.08FU_AY373852_reps are exactly identical


IMPORTANT WARNING: Sequences SH1164297.08FU_AJ280006_reps and SH1164288.08FU_MH854949_refs are exactly identical


IMPORTANT WARNING: Sequences SH1164297.08FU_AJ280006_reps and SH1164528.08FU_EF151435_reps are exactly identical


IMPORTANT WARNING: Sequences SH1164297.08FU_AJ280006_reps and SH1164294.08FU_AM087614_reps are exactly identical


IMPORTANT WARNING: Sequences SH1164297.08FU_AJ280006_reps and SH1164356.08FU_JN561284_reps are exactly identical


IMPORTANT WARNING: Sequences SH1164297.08FU_AJ280006_reps and SH1164536.08FU_KU729038_reps are exactly identical


IMPORTANT WARNING: Sequences SH1165877.08FU_FJ537106_reps and SH1165944.08FU_MH472616_reps are exactly identical


IMPORTANT WARNING: Sequences SH1163043.08FU_AB000534_reps and SH1163127.08FU_AF338647_reps are exactly identical


IMPORTANT WARNING: Sequences SH1166835.08FU_MF685317_reps and SH1166807.08FU_KT283664_reps are exactly identical


IMPORTANT WARNING: Sequences SH1162680.08FU_KJ146685_reps and SH1162602.08FU_MT528861_reps are exactly identical


IMPORTANT WARNING: Sequences SH1163557.08FU_KX912138_reps and SH1163542.08FU_EF409811_reps are exactly identical


IMPORTANT WARNING: Sequences SH1161150.08FU_KM066544_reps and SH1161163.08FU_MF848990_reps are exactly identical


IMPORTANT WARNING: Sequences SH1161490.08FU_HQ285564_reps and SH1161489.08FU_HQ285586_reps are exactly identical


IMPORTANT WARNING: Sequences SH1162512.08FU_KR867688_reps and SH1162473.08FU_JN545800_reps are exactly identical


IMPORTANT WARNING: Sequences SH1162565.08FU_HQ285561_reps and SH1162586.08FU_KC911645_reps are exactly identical


IMPORTANT WARNING: Sequences SH1162331.08FU_KX977391_reps and SH1162314.08FU_KR296863_reps are exactly identical


IMPORTANT WARNING: Sequences SH1162815.08FU_MG519721_reps and SH1162748.08FU_JQ717336_reps are exactly identical


IMPORTANT WARNING: Sequences SH1162815.08FU_MG519721_reps and SH1162744.08FU_HQ693703_reps are exactly identical


IMPORTANT WARNING: Sequences SH1163447.08FU_LT899496_reps and SH1163379.08FU_KC473936_reps are exactly identical


IMPORTANT WARNING: Sequences SH1163447.08FU_LT899496_reps and SH1163405.08FU_EF661209_reps are exactly identical


IMPORTANT WARNING: Sequences SH1163524.08FU_EF661568_reps and SH1163495.08FU_JF412771_reps are exactly identical


IMPORTANT WARNING: Sequences SH1163524.08FU_EF661568_reps and SH1163484.08FU_JF446612_reps are exactly identical


IMPORTANT WARNING: Sequences SH1163524.08FU_EF661568_reps and SH1163493.08FU_JF412785_reps are exactly identical


IMPORTANT WARNING: Sequences SH1163524.08FU_EF661568_reps and SH1163462.08FU_D84357_reps are exactly identical


IMPORTANT WARNING: Sequences SH1163975.08FU_AY742698_reps and SH1163973.08FU_KJ775609_reps are exactly identical


IMPORTANT WARNING: Sequences SH1163998.08FU_KU702436_reps and SH1163980.08FU_KR015398_reps are exactly identical


IMPORTANT WARNING: Sequences SH1164458.08FU_KF303671_reps and SH1164456.08FU_KF303673_reps are exactly identical


IMPORTANT WARNING: Sequences SH1164475.08FU_KJ775444_reps and SH1164495.08FU_EU021612_reps are exactly identical


IMPORTANT WARNING: Sequences SH1164510.08FU_KP890473_reps and SH1164291.08FU_AB298713_reps are exactly identical


IMPORTANT WARNING: Sequences SH1164510.08FU_KP890473_reps and SH1164316.08FU_HM801881_reps are exactly identical


IMPORTANT WARNING: Sequences SH1164510.08FU_KP890473_reps and SH1164621.08FU_MG857651_reps are exactly identical


IMPORTANT WARNING: Sequences SH1164510.08FU_KP890473_reps and SH1164592.08FU_MH591450_reps are exactly identical


IMPORTANT WARNING: Sequences SH1164510.08FU_KP890473_reps and SH1164378.08FU_JX501398_reps are exactly identical


IMPORTANT WARNING: Sequences SH1164510.08FU_KP890473_reps and SH1164558.08FU_LC228677_reps are exactly identical


IMPORTANT WARNING: Sequences SH1164510.08FU_KP890473_reps and SH1164295.08FU_GU258410_reps are exactly identical


IMPORTANT WARNING: Sequences SH1164510.08FU_KP890473_reps and SH1164370.08FU_JX291189_reps are exactly identical


IMPORTANT WARNING: Sequences SH1164510.08FU_KP890473_reps and SH1164379.08FU_JX501396_reps are exactly identical


IMPORTANT WARNING: Sequences SH1164510.08FU_KP890473_reps and SH1164631.08FU_MG734751_reps are exactly identical


IMPORTANT WARNING: Sequences SH1164510.08FU_KP890473_reps and SH1164543.08FU_GQ461899_reps are exactly identical


IMPORTANT WARNING: Sequences SH1164510.08FU_KP890473_reps and SH1164521.08FU_GU082483_reps are exactly identical


IMPORTANT WARNING: Sequences SH1164510.08FU_KP890473_reps and SH1164578.08FU_DQ235784_reps are exactly identical


IMPORTANT WARNING: Sequences SH1164510.08FU_KP890473_reps and SH1164296.08FU_AJ280008_reps are exactly identical


IMPORTANT WARNING: Sequences SH1164510.08FU_KP890473_reps and SH1164331.08FU_GQ129209_reps are exactly identical


IMPORTANT WARNING: Sequences SH1164510.08FU_KP890473_reps and SH1164554.08FU_KY354579_reps are exactly identical


IMPORTANT WARNING: Sequences SH1164510.08FU_KP890473_reps and SH1164565.08FU_KT803072_reps are exactly identical


IMPORTANT WARNING: Sequences SH1165024.08FU_MH279437_reps and SH1165023.08FU_MH279439_reps are exactly identical


IMPORTANT WARNING: Sequences SH1165077.08FU_HQ340107_reps and SH1165097.08FU_JQ975004_reps are exactly identical


IMPORTANT WARNING: Sequences SH1165077.08FU_HQ340107_reps and SH1165126.08FU_KF225041_reps are exactly identical


IMPORTANT WARNING: Sequences SH1165077.08FU_HQ340107_reps and SH1165277.08FU_MH279454_reps are exactly identical


IMPORTANT WARNING: Sequences SH1165077.08FU_HQ340107_reps and SH1165176.08FU_EU301661_reps are exactly identical


IMPORTANT WARNING: Sequences SH1165077.08FU_HQ340107_reps and SH1165055.08FU_AJ871014_reps are exactly identical


IMPORTANT WARNING: Sequences SH1165077.08FU_HQ340107_reps and SH1165232.08FU_DQ467981_reps are exactly identical


IMPORTANT WARNING: Sequences SH1165077.08FU_HQ340107_reps and SH1165299.08FU_MG857643_reps are exactly identical


IMPORTANT WARNING: Sequences SH1165077.08FU_HQ340107_reps and SH1165068.08FU_HQ285583_reps are exactly identical


IMPORTANT WARNING: Sequences SH1165077.08FU_HQ340107_reps and SH1165082.08FU_FJ878673_reps are exactly identical


IMPORTANT WARNING: Sequences SH1165077.08FU_HQ340107_reps and SH1165093.08FU_FJ770063_reps are exactly identical


IMPORTANT WARNING: Sequences SH1165077.08FU_HQ340107_reps and SH1165095.08FU_JN561266_reps are exactly identical


IMPORTANT WARNING: Sequences SH1165077.08FU_HQ340107_reps and SH1165221.08FU_KU729080_reps are exactly identical


IMPORTANT WARNING: Sequences SH1165077.08FU_HQ340107_reps and SH1165320.08FU_AY373857_reps are exactly identical


IMPORTANT WARNING: Sequences SH1165077.08FU_HQ340107_reps and SH1165168.08FU_KP165433_reps are exactly identical


IMPORTANT WARNING: Sequences SH1165077.08FU_HQ340107_reps and SH1165144.08FU_KF669485_reps are exactly identical


IMPORTANT WARNING: Sequences SH1165077.08FU_HQ340107_reps and SH1165185.08FU_KR296888_reps are exactly identical


IMPORTANT WARNING: Sequences SH1165077.08FU_HQ340107_reps and SH1165064.08FU_GU183169_reps are exactly identical


IMPORTANT WARNING: Sequences SH1165077.08FU_HQ340107_reps and SH1165142.08FU_KF669488_reps are exactly identical


IMPORTANT WARNING: Sequences SH1165077.08FU_HQ340107_reps and SH1165280.08FU_MG662388_refs are exactly identical


IMPORTANT WARNING: Sequences SH1165077.08FU_HQ340107_reps and SH1165133.08FU_KC964102_reps are exactly identical


IMPORTANT WARNING: Sequences SH1165077.08FU_HQ340107_reps and SH1165128.08FU_KF154416_reps are exactly identical


IMPORTANT WARNING: Sequences SH1165077.08FU_HQ340107_reps and SH1165119.08FU_JX456203_reps are exactly identical


IMPORTANT WARNING: Sequences SH1165365.08FU_JX501400_reps and SH1165334.08FU_HQ285588_reps are exactly identical


IMPORTANT WARNING: Sequences SH1165365.08FU_JX501400_reps and SH1165341.08FU_HQ340109_reps are exactly identical


IMPORTANT WARNING: Sequences SH1165365.08FU_JX501400_reps and SH1165430.08FU_MH279450_reps are exactly identical


IMPORTANT WARNING: Sequences SH1165365.08FU_JX501400_reps and SH1165396.08FU_HG936504_reps are exactly identical


IMPORTANT WARNING: Sequences SH1165365.08FU_JX501400_reps and SH1165348.08FU_FJ878680_reps are exactly identical


IMPORTANT WARNING: Sequences SH1165365.08FU_JX501400_reps and SH1165421.08FU_AY939785_reps are exactly identical


IMPORTANT WARNING: Sequences SH1165365.08FU_JX501400_reps and SH1165368.08FU_JX456193_reps are exactly identical


IMPORTANT WARNING: Sequences SH1165655.08FU_HG915889_reps and SH1165676.08FU_EF669609_reps are exactly identical


IMPORTANT WARNING: Sequences SH1165655.08FU_HG915889_reps and SH1165686.08FU_LT626963_reps are exactly identical


IMPORTANT WARNING: Sequences SH1165853.08FU_AY380456_refs and SH1165776.08FU_JX841247_reps are exactly identical


IMPORTANT WARNING: Sequences SH1166383.08FU_KF031025_reps and SH1166402.08FU_KP940597_reps are exactly identical


IMPORTANT WARNING: Sequences SH1167231.08FU_KP764912_reps and SH1167230.08FU_KP764913_reps are exactly identical


IMPORTANT WARNING: Sequences SH1167175.08FU_KP214054_reps and SH1167168.08FU_KC460895_reps are exactly identical


IMPORTANT WARNING: Sequences SH1167239.08FU_EF136366_reps and SH1167222.08FU_KF800185_reps are exactly identical


IMPORTANT WARNING: Sequences SH1167683.08FU_MF093890_reps and SH1167679.08FU_KT819149_reps are exactly identical


IMPORTANT WARNING: Sequences SH1166508.08FU_KR905619_reps and SH1166529.08FU_MF685305_reps are exactly identical


IMPORTANT WARNING: Sequences SH1167433.08FU_JX518248_reps and SH1167442.08FU_KJ194466_reps are exactly identical


IMPORTANT WARNING: Sequences SH1163214.08FU_EU645665_reps and SH1163304.08FU_KX443235_reps are exactly identical


IMPORTANT WARNING: Sequences SH1164192.08FU_KC994649_reps and SH1164260.08FU_MF372639_reps are exactly identical


IMPORTANT WARNING: Sequences SH1162984.08FU_EF634379_reps and SH1162913.08FU_DQ411546_reps are exactly identical


IMPORTANT WARNING: Sequences SH1162984.08FU_EF634379_reps and SH1162963.08FU_KP329696_reps are exactly identical


IMPORTANT WARNING: Sequences SH1164915.08FU_MF324888_reps and SH1164862.08FU_KM279979_reps are exactly identical


IMPORTANT WARNING: Sequences SH1162465.08FU_HQ285580_reps and SH1162483.08FU_KF562197_reps are exactly identical


IMPORTANT WARNING: Sequences SH1165151.08FU_KF434090_reps and SH1165281.08FU_MH279403_reps are exactly identical


IMPORTANT WARNING: Sequences SH1165151.08FU_KF434090_reps and SH1165081.08FU_FJ878674_reps are exactly identical


IMPORTANT WARNING: Sequences SH1165151.08FU_KF434090_reps and SH1165153.08FU_KF434086_reps are exactly identical


IMPORTANT WARNING: Sequences SH1165151.08FU_KF434090_reps and SH1165118.08FU_JX456205_reps are exactly identical


IMPORTANT WARNING: Sequences SH1165151.08FU_KF434090_reps and SH1165113.08FU_JX501409_reps are exactly identical


IMPORTANT WARNING: Sequences SH1165151.08FU_KF434090_reps and SH1165230.08FU_KX015986_reps are exactly identical


IMPORTANT WARNING: Sequences SH1165151.08FU_KF434090_reps and SH1165150.08FU_KF434091_reps are exactly identical


IMPORTANT WARNING: Sequences SH1162347.08FU_MG991651_reps and SH1162346.08FU_MG991654_reps are exactly identical


IMPORTANT WARNING: Sequences SH1163383.08FU_KP131634_reps and SH1163415.08FU_EF567981_reps are exactly identical


IMPORTANT WARNING: Sequences SH1163383.08FU_KP131634_reps and SH1163386.08FU_KP131629_reps are exactly identical


IMPORTANT WARNING: Sequences SH1164731.08FU_KT968359_reps and SH1164696.08FU_KP131553_reps are exactly identical


IMPORTANT WARNING: Sequences SH1164790.08FU_AY213635_reps and SH1164760.08FU_MH517369_reps are exactly identical


IMPORTANT WARNING: Sequences SH1164790.08FU_AY213635_reps and SH1164783.08FU_MG857646_reps are exactly identical


IMPORTANT WARNING: Sequences SH1164790.08FU_AY213635_reps and SH1164772.08FU_MH279410_reps are exactly identical


IMPORTANT WARNING: Sequences SH1166420.08FU_KX462765_reps and SH1166364.08FU_HQ026744_reps are exactly identical


IMPORTANT WARNING: Sequences SH1163803.08FU_JN246071_reps and SH1163818.08FU_FJ155814_reps are exactly identical


IMPORTANT WARNING: Sequences SH1162672.08FU_MH858471_refs and SH1168224.08FU_FJ491625_reps are exactly identical


IMPORTANT WARNING: Sequences SH1161797.08FU_JQ717309_reps and SH1161792.08FU_JN831365_reps are exactly identical


IMPORTANT WARNING: Sequences SH1162484.08FU_KF562196_reps and SH1162494.08FU_KF198066_reps are exactly identical


IMPORTANT WARNING: Sequences SH1163044.08FU_D84354_refs and SH1163128.08FU_AF027860_refs are exactly identical


IMPORTANT WARNING: Sequences SH1161911.08FU_KY053132_reps and SH1161913.08FU_KY053127_reps are exactly identical


IMPORTANT WARNING: Sequences SH1161911.08FU_KY053132_reps and SH1161912.08FU_KY053128_reps are exactly identical


IMPORTANT WARNING: Sequences SH1162339.08FU_MF754082_reps and SH1162334.08FU_KY593549_reps are exactly identical


IMPORTANT WARNING: Sequences SH1162339.08FU_MF754082_reps and SH1162280.08FU_HQ285611_reps are exactly identical


IMPORTANT WARNING: Sequences SH1163518.08FU_KP329664_reps and SH1163463.08FU_D84355_reps are exactly identical


IMPORTANT WARNING: Sequences SH1163518.08FU_KP329664_reps and SH1163525.08FU_EF661566_reps are exactly identical


IMPORTANT WARNING: Sequences SH1163636.08FU_KT159916_reps and SH1163594.08FU_FR733822_reps are exactly identical


IMPORTANT WARNING: Sequences SH1164221.08FU_KP172284_reps and SH1164159.08FU_HQ262504_reps are exactly identical


IMPORTANT WARNING: Sequences SH1165304.08FU_MG662404_reps and SH1165319.08FU_AY373867_reps are exactly identical


IMPORTANT WARNING: Sequences SH1165355.08FU_FJ629333_refs and SH1165322.08FU_AJ876879_refs are exactly identical


IMPORTANT WARNING: Sequences SH1165645.08FU_KC964100_reps and SH1165723.08FU_MG662397_reps are exactly identical


IMPORTANT WARNING: Sequences SH1165602.08FU_AY373842_refs and SH1165531.08FU_LT626975_reps are exactly identical


IMPORTANT WARNING: Sequences SH1165602.08FU_AY373842_refs and SH1165532.08FU_LT626974_reps are exactly identical


IMPORTANT WARNING: Sequences SH1165602.08FU_AY373842_refs and SH1165484.08FU_JQ768265_reps are exactly identical


IMPORTANT WARNING: Sequences SH1162891.08FU_MH373680_reps and SH1162829.08FU_HQ014704_reps are exactly identical


IMPORTANT WARNING: Sequences SH1167237.08FU_KU057951_reps and SH1167211.08FU_JN166802_reps are exactly identical


IMPORTANT WARNING: Sequences SH1163054.08FU_FR733807_reps and SH1163055.08FU_FR733804_reps are exactly identical


IMPORTANT WARNING: Sequences SH1163054.08FU_FR733807_reps and SH1163099.08FU_EU167918_reps are exactly identical


IMPORTANT WARNING: Sequences SH1167478.08FU_FR733818_reps and SH1167491.08FU_KC339291_reps are exactly identical


IMPORTANT WARNING: Sequences SH1167478.08FU_FR733818_reps and SH1167509.08FU_KU754051_reps are exactly identical


IMPORTANT WARNING: Sequences SH1167448.08FU_KT283665_reps and SH1167437.08FU_KF723010_reps are exactly identical


IMPORTANT WARNING: Sequences SH1162013.08FU_KP175295_reps and SH1162016.08FU_KP175290_reps are exactly identical


IMPORTANT WARNING: Sequences SH1162922.08FU_FJ537131_reps and SH1162962.08FU_KP329758_reps are exactly identical


IMPORTANT WARNING: Sequences SH1163050.08FU_DQ411548_reps and SH1163105.08FU_AF004929_refs are exactly identical


IMPORTANT WARNING: Sequences SH1163198.08FU_FJ462767_reps and SH1163238.08FU_KP068718_reps are exactly identical


IMPORTANT WARNING: Sequences SH1163198.08FU_FJ462767_reps and SH1163289.08FU_GQ461911_reps are exactly identical


IMPORTANT WARNING: Sequences SH1163198.08FU_FJ462767_reps and SH1163275.08FU_KU687809_reps are exactly identical


IMPORTANT WARNING: Sequences SH1163198.08FU_FJ462767_reps and SH1163204.08FU_JX501361_reps are exactly identical


IMPORTANT WARNING: Sequences SH1163198.08FU_FJ462767_reps and SH1163342.08FU_KY554980_reps are exactly identical


IMPORTANT WARNING: Sequences SH1163198.08FU_FJ462767_reps and SH1163269.08FU_LC057406_reps are exactly identical


IMPORTANT WARNING: Sequences SH1163198.08FU_FJ462767_reps and SH1163265.08FU_KP890479_reps are exactly identical


IMPORTANT WARNING: Sequences SH1163198.08FU_FJ462767_reps and SH1163293.08FU_KY425727_reps are exactly identical


IMPORTANT WARNING: Sequences SH1163198.08FU_FJ462767_reps and SH1163206.08FU_JQ963340_reps are exactly identical


IMPORTANT WARNING: Sequences SH1163352.08FU_HM123602_reps and SH1163390.08FU_KP131603_reps are exactly identical


IMPORTANT WARNING: Sequences SH1163352.08FU_HM123602_reps and SH1163416.08FU_EF567979_reps are exactly identical


IMPORTANT WARNING: Sequences SH1163424.08FU_KX912161_reps and SH1163395.08FU_KM067097_reps are exactly identical


IMPORTANT WARNING: Sequences SH1163587.08FU_AB000533_reps and SH1163632.08FU_EF661563_reps are exactly identical


IMPORTANT WARNING: Sequences SH1165993.08FU_JN246072_reps and SH1166085.08FU_AY373856_refs are exactly identical


IMPORTANT WARNING: Sequences SH1165993.08FU_JN246072_reps and SH1165988.08FU_FJ878631_reps are exactly identical


IMPORTANT WARNING: Sequences SH1166520.08FU_KX462776_reps and SH1166526.08FU_MF754079_reps are exactly identical


IMPORTANT WARNING: Sequences SH1166520.08FU_KX462776_reps and SH1166521.08FU_KX462772_reps are exactly identical


IMPORTANT WARNING: Sequences SH1166588.08FU_KM486077_reps and SH1166559.08FU_JN030991_reps are exactly identical


IMPORTANT WARNING: Sequences SH1167062.08FU_KP764914_reps and SH1167060.08FU_KP794148_reps are exactly identical


IMPORTANT WARNING: Sequences SH1167062.08FU_KP764914_reps and SH1167051.08FU_KJ123911_reps are exactly identical


IMPORTANT WARNING: Sequences SH1162537.08FU_MT672687_reps and SH1162639.08FU_MG991622_reps are exactly identical


IMPORTANT WARNING: Sequences SH1162152.08FU_KJ775446_reps and SH1162154.08FU_KP329837_reps are exactly identical


IMPORTANT WARNING: Sequences SH1163988.08FU_KU978915_reps and SH1163935.08FU_EU821317_reps are exactly identical


IMPORTANT WARNING: Sequences SH1164391.08FU_KC142125_reps and SH1164637.08FU_KY937929_reps are exactly identical


IMPORTANT WARNING: Sequences SH1164938.08FU_JN227022_reps and SH1164935.08FU_JN227039_reps are exactly identical


IMPORTANT WARNING: Sequences SH1166503.08FU_JF327814_reps and SH1166455.08FU_JF957863_reps are exactly identical


IMPORTANT WARNING: Sequences SH1166310.08FU_KJ775683_reps and SH1166301.08FU_KF932971_reps are exactly identical


IMPORTANT WARNING: Sequences SH1166382.08FU_JX852583_reps and SH1166444.08FU_MF668185_reps are exactly identical


IMPORTANT WARNING: Sequences SH1162847.08FU_KF669506_reps and SH1162849.08FU_KF669498_reps are exactly identical


IMPORTANT WARNING: Sequences SH1162950.08FU_EU664472_reps and SH1162941.08FU_KF562205_reps are exactly identical


IMPORTANT WARNING: Sequences SH1163124.08FU_DQ683120_reps and SH1163075.08FU_JX852613_reps are exactly identical


IMPORTANT WARNING: Sequences SH1165896.08FU_KC773827_reps and SH1165860.08FU_AF033403_refs are exactly identical


IMPORTANT WARNING: Sequences SH1166671.08FU_KU375635_reps and SH1166638.08FU_FN811183_reps are exactly identical


IMPORTANT WARNING: Sequences SH1162061.08FU_KF669469_reps and SH1162101.08FU_KY593524_reps are exactly identical


IMPORTANT WARNING: Sequences SH1166965.08FU_KY087747_reps and SH1166961.08FU_KY087763_reps are exactly identical


IMPORTANT WARNING: Sequences SH1166120.08FU_HG915893_reps and SH1166137.08FU_EF669602_refs are exactly identical


IMPORTANT WARNING: Sequences SH1164646.08FU_AJ280011_refs and SH1164664.08FU_FJ629353_reps are exactly identical


IMPORTANT WARNING: Sequences SH1163281.08FU_GQ888683_reps and SH1163282.08FU_GQ888678_reps are exactly identical

IMPORTANT WARNING
Found 186 sequences that are exactly identical to other sequences in the alignment.
Normally they should be excluded from the analysis.

An alignment file with sequence duplicates removed has already
been printed to file MDDB-phylogeny/l0.2_s3_4_1500_o1.0_a0_constr_localpair/chunks/aligned/149_2248_p__Ascomycota_c__Eurotiomycetes_o__Eurotiales_f__Aspergillaceae.fasta.reduced


Using BFGS method to optimize GTR rate parameters, to disable this specify "--no-bfgs" 



This is RAxML version 8.2.12 released by Alexandros Stamatakis on May 2018.

With greatly appreciated code contributions by:
Andre Aberer      (HITS)
Simon Berger      (HITS)
Alexey Kozlov     (HITS)
Kassian Kobert    (HITS)
David Dao         (KIT and HITS)
Sarah Lutteropp   (KIT and HITS)
Nick Pattengale   (Sandia)
Wayne Pfeiffer    (SDSC)
Akifumi S. Tanabe (NRIFS)
Charlie Taylor    (UF)


Alignment has 1246 distinct alignment patterns

Proportion of gaps and completely undetermined characters in this alignment: 67.46%

RAxML rapid hill-climbing mode

Using 1 distinct models/data partitions with joint branch length optimization


Executing 1 inferences on the original alignment using 1 distinct randomized MP trees

All free model parameters will be estimated by RAxML
ML estimate of 25 per site rate categories

Likelihood of final tree will be evaluated and optimized under GAMMA

GAMMA Model parameters will be estimated up to an accuracy of 0.1000000000 Log Likelihood units

Partition: 0
Alignment Patterns: 1246
Name: No Name Provided
DataType: DNA
Substitution Matrix: GTR




RAxML was called as follows:

standard-RAxML-8.2.13/raxmlHPC-PTHREADS-SSE3 -s MDDB-phylogeny/l0.2_s3_4_1500_o1.0_a0_constr_localpair/chunks/aligned/149_2248_p__Ascomycota_c__Eurotiomycetes_o__Eurotiales_f__Aspergillaceae.fasta -n 149.out -w /home/dzee/Documents/Studie/Bachelorklas/mycodiversity-arise/phylogenetic_placement/regen_trees -m GTRCAT -p 12345 -T 4 -o OUTGROUP 


Partition: 0 with name: No Name Provided
Base frequencies: 0.183 0.305 0.285 0.226 

Inference[0]: Time 1582.323148 CAT-based likelihood -65087.970550, best rearrangement setting 25
alpha[0]: 1.000000 rates[0] ac ag at cg ct gt: 1.620634 2.059642 1.916689 0.948702 2.641108 1.000000 


Conducting final model optimizations on all 1 trees under GAMMA-based models ....

Inference[0] final GAMMA-based Likelihood: -66394.898481 tree written to file /home/dzee/Documents/Studie/Bachelorklas/mycodiversity-arise/phylogenetic_placement/regen_trees/RAxML_result.149.out


Starting final GAMMA-based thorough Optimization on tree 0 likelihood -66394.898481 .... 

Final GAMMA-based Score of best tree -66382.906841

Program execution info written to /home/dzee/Documents/Studie/Bachelorklas/mycodiversity-arise/phylogenetic_placement/regen_trees/RAxML_info.149.out
Best-scoring ML tree written to: /home/dzee/Documents/Studie/Bachelorklas/mycodiversity-arise/phylogenetic_placement/regen_trees/RAxML_bestTree.149.out

Overall execution time: 1973.365625 secs or 0.548157 hours or 0.022840 days

