25.695808 -178290.978565
29.799010 -177867.427109
45.491546 -177781.592450
81.648917 -177768.570957
169.268742 -177762.851371
325.227277 -170348.014831
376.246087 -170183.113119
405.649564 -170140.828133
432.273321 -170117.617360
452.283912 -170085.119402
470.915603 -170079.390573
486.978680 -170070.329914
501.534685 -170067.468617
515.277001 -170062.377654
529.916372 -170060.430749
542.746526 -170059.518012
554.901459 -170059.338164
566.901123 -170059.177745
578.826741 -170058.997356
590.704878 -170058.866630
602.606085 -170058.244437
617.081397 -170050.397923
629.581795 -170048.250644
641.061700 -170048.224967
656.083126 -170047.931485
684.742818 -170027.016090
708.945736 -170025.947929
731.954918 -170025.762980
754.580965 -170025.652198
776.419750 -170025.607356
800.742087 -170023.931177
822.567578 -170023.886580
844.454347 -170023.161709
866.229147 -170023.161709
893.021824 -170023.161709
961.822224 -170019.346268
996.193254 -170018.573611
1023.971834 -170018.573611
1054.245229 -170018.573611
1120.979181 -170018.573611
1253.230322 -170018.573611
