1.406285 -44969.642702
1.826774 -44854.142174
3.173535 -44831.677708
6.136796 -44829.919521
10.869482 -44829.783591
13.192238 -44802.356891
15.301817 -44799.369602
17.245632 -44799.186207
19.389875 -44798.525698
21.246019 -44798.506350
23.529076 -44654.556013
26.433274 -44643.639520
28.996592 -44642.990150
31.609307 -44642.597767
34.127341 -44642.316534
36.667046 -44642.208012
39.230028 -44642.196544
41.805958 -44642.196544
44.764185 -44642.133492
48.419529 -44637.023969
51.288124 -44637.023969
54.336189 -44637.023969
59.958877 -44637.023969
68.745006 -44637.023969
