0.632344 -19703.558870
0.788869 -19647.234638
1.248773 -19634.235028
2.244192 -19561.266029
3.342557 -19543.486492
4.523163 -19528.604167
5.670728 -19527.468335
6.877326 -19526.326144
8.137141 -19525.231226
9.379378 -19524.842701
10.715393 -19519.540179
12.010438 -19517.390288
13.234454 -19517.205130
14.542137 -19516.350237
16.023011 -19474.121746
17.246278 -19473.111979
18.402767 -19473.082625
19.526938 -19473.062059
20.639345 -19473.038242
21.786578 -19473.038242
23.273713 -19473.038242
24.776790 -19473.038242
25.632916 -19473.038242
