30.638414 -66058.712343
37.112267 -65711.002138
50.828858 -65597.951997
77.010870 -65478.225818
121.769877 -65448.674216
189.268734 -65399.381867
198.945421 -65398.351356
235.014257 -65266.319724
262.300364 -65207.232107
285.610140 -65177.971159
307.384106 -65165.338654
328.485410 -65164.735281
349.327522 -65163.733949
369.931697 -65152.511546
390.558635 -65143.718037
411.374054 -65143.021963
431.924256 -65142.391802
452.531478 -65141.971632
481.581424 -65141.935565
510.901827 -65122.558056
540.763371 -65118.412555
570.615114 -65116.044219
600.579417 -65116.042588
633.594471 -65109.373372
670.341969 -65107.569113
696.474297 -65106.793534
727.108010 -65104.984999
756.912870 -65104.984877
789.816975 -65103.123770
825.593488 -65103.107377
846.232580 -65103.107374
867.920162 -65103.107371
916.154783 -65098.534133
955.764873 -65094.081131
990.245393 -65092.791036
1021.851005 -65092.790279
1055.109777 -65092.790019
1103.653070 -65092.789851
1173.394075 -65089.653535
1213.900403 -65089.653391
1253.365393 -65088.306954
1289.215980 -65088.271864
1315.099495 -65088.271854
1348.318918 -65088.033058
1384.620776 -65088.021883
1416.003979 -65088.021815
1437.501581 -65087.970556
1461.899145 -65087.970554
1484.879478 -65087.970552
1520.040833 -65087.970550
1582.616228 -65087.970550
