2.544377 -50882.415292
3.152416 -50738.865198
5.248600 -50687.765966
10.301321 -50678.277603
18.162692 -50678.261222
27.289638 -50678.074351
31.984171 -50635.120833
36.273716 -50612.422390
40.647102 -50603.507147
44.219193 -50599.126683
47.725787 -50597.380170
51.252605 -50596.706685
54.395253 -50596.651770
57.555435 -50596.597122
60.729837 -50596.484824
65.251697 -50594.269219
69.121651 -50593.388701
73.391166 -50588.895505
77.188078 -50588.895505
81.902112 -50585.935387
86.879497 -50584.369757
91.228160 -50584.018591
95.226571 -50583.795807
98.989164 -50583.795807
103.560677 -50583.795807
112.851977 -50583.795807
125.207628 -50583.795807
