13.502213 -83773.374748
16.269891 -83571.150904
23.903774 -83418.155701
42.587314 -83385.511527
74.329794 -83298.089021
124.544776 -83297.242882
130.800331 -80243.431284
167.005405 -80076.172827
192.536002 -80004.380938
213.708516 -79974.395358
230.758191 -79961.550597
248.088296 -79952.231572
261.995087 -79948.311804
274.554224 -79943.496323
287.549658 -79940.624113
299.526618 -79936.324024
310.737852 -79934.385541
322.646815 -79931.777515
331.551544 -79931.299289
343.381239 -79929.948924
355.223916 -79929.214167
364.568046 -79928.483951
382.023165 -79903.753172
398.216559 -79897.493611
410.012834 -79897.429771
421.705171 -79897.429770
438.330222 -79892.452612
455.653329 -79888.817977
472.182986 -79888.318348
486.710917 -79887.662299
498.417933 -79887.662299
514.711152 -79879.756578
531.348331 -79879.266406
544.085651 -79879.266406
561.158890 -79878.518732
576.981370 -79878.282786
589.730189 -79878.282786
606.435525 -79878.086070
622.322664 -79876.154817
635.056821 -79876.154817
651.685908 -79875.991723
668.755888 -79875.563862
681.452164 -79875.563862
698.300199 -79874.604349
714.727649 -79874.187099
727.499440 -79874.187099
744.193560 -79873.281976
761.408545 -79872.061251
774.222963 -79872.061251
791.261653 -79870.742353
805.795403 -79870.742353
823.848727 -79870.742353
856.016265 -79869.195197
871.809760 -79869.195197
891.875538 -79869.195197
923.161648 -79869.115250
939.869930 -79868.848176
953.103174 -79868.848176
970.015069 -79868.848176
1001.879057 -79868.848176
1052.957412 -79868.441442
1069.240081 -79868.441442
1090.510519 -79868.441442
1121.864924 -79868.441442
1172.774916 -79868.441442
